<?xml version="1.0" encoding="UTF-8" ?>
<products>
    <product>
        <name>Product 1</name>
        <price>$10.00</price>
        <description>This is a test product.</description>
    </product>
    <product>
        <name>Product 2</name>
        <price>$20.00</price>
        <description>This is another test product.</description>
    </product>
</products>
